<?xml version="1.0" encoding="UTF-8"?>
<!-- Generated by org.testng.reporters.JUnitReportReporter -->
<testsuite skipped="0" hostname="LAPTOP-G6760QK2" name="loginT.TestngParameters" tests="1" failures="0" timestamp="21 Apr 2021 09:46:31 GMT" time="62.871" errors="0">
  <testcase name="launchBrowser" time="62.871" classname="loginT.TestngParameters"/>
</testsuite> <!-- loginT.TestngParameters -->
