<?xml version="1.0" encoding="UTF-8"?>
<!-- Generated by org.testng.reporters.JUnitReportReporter -->
<testsuite skipped="4" hostname="LAPTOP-G6760QK2" name="org.adactinTest.AdactinTest" tests="6" failures="0" timestamp="26 Apr 2021 16:35:49 GMT" time="3.287" errors="0">
  <testcase name="adactinTitle" time="0.068" classname="org.adactinTest.AdactinTest"/>
  <testcase name="login" time="3.219" classname="org.adactinTest.AdactinTest"/>
  <testcase name="confirmSearch" classname="org.adactinTest.AdactinTest">
    <skipped/>
  </testcase> <!-- confirmSearch -->
  <testcase name="bookHotel" classname="org.adactinTest.AdactinTest">
    <skipped/>
  </testcase> <!-- bookHotel -->
  <testcase name="bookingConfirm" classname="org.adactinTest.AdactinTest">
    <skipped/>
  </testcase> <!-- bookingConfirm -->
  <testcase name="searchHotel" classname="org.adactinTest.AdactinTest">
    <skipped/>
  </testcase> <!-- searchHotel -->
</testsuite> <!-- org.adactinTest.AdactinTest -->
