<?xml version="1.0" encoding="UTF-8"?>
<!-- Generated by org.testng.reporters.JUnitReportReporter -->
<testsuite skipped="0" hostname="LAPTOP-G6760QK2" name="loginT.Dataprovider" tests="3" failures="0" timestamp="21 Apr 2021 10:07:43 GMT" time="56.519" errors="0">
  <testcase name="login" time="38.415" classname="loginT.Dataprovider"/>
  <testcase name="login" time="7.793" classname="loginT.Dataprovider"/>
  <testcase name="login" time="10.311" classname="loginT.Dataprovider"/>
</testsuite> <!-- loginT.Dataprovider -->
