<?xml version="1.0" encoding="UTF-8"?>
<!-- Generated by org.testng.reporters.JUnitReportReporter -->
<testsuite skipped="0" hostname="LAPTOP-G6760QK2" name="org.Facebook.Login2" tests="1" failures="0" timestamp="24 Apr 2021 10:00:50 GMT" time="13.046" errors="0">
  <testcase name="login" time="13.046" classname="org.Facebook.Login2"/>
</testsuite> <!-- org.Facebook.Login2 -->
