<?xml version="1.0" encoding="UTF-8"?>
<!-- Generated by org.testng.reporters.JUnitReportReporter -->
<testsuite skipped="4" hostname="LAPTOP-G6760QK2" name="org.adactinTest.AdactinTest" tests="6" failures="0" timestamp="25 Apr 2021 05:54:00 GMT" time="15.691" errors="0">
  <testcase name="adactinTitle" time="2.104" classname="org.adactinTest.AdactinTest"/>
  <testcase name="login" time="13.587" classname="org.adactinTest.AdactinTest"/>
  <testcase name="confirmSearch" classname="org.adactinTest.AdactinTest">
    <skipped/>
  </testcase> <!-- confirmSearch -->
  <testcase name="bookHotel" classname="org.adactinTest.AdactinTest">
    <skipped/>
  </testcase> <!-- bookHotel -->
  <testcase name="bookingConfirm" classname="org.adactinTest.AdactinTest">
    <skipped/>
  </testcase> <!-- bookingConfirm -->
  <testcase name="searchHotel" classname="org.adactinTest.AdactinTest">
    <skipped/>
  </testcase> <!-- searchHotel -->
</testsuite> <!-- org.adactinTest.AdactinTest -->
