<?xml version="1.0" encoding="UTF-8"?>
<!-- Generated by org.testng.reporters.JUnitReportReporter -->
<testsuite skipped="0" hostname="LAPTOP-G6760QK2" name="loginT.UsingPage" tests="1" failures="0" timestamp="22 Apr 2021 17:51:36 GMT" time="75.887" errors="0">
  <testcase name="loginFb" time="75.887" classname="loginT.UsingPage"/>
</testsuite> <!-- loginT.UsingPage -->
